In file included from [01m[K/home/ubuntu/cyberbee/ros2_ws/src/VINS-mono/feature_tracker/src/parameters.cpp:1[m[K:
[01m[K/home/ubuntu/cyberbee/ros2_ws/src/VINS-mono/feature_tracker/src/parameters.h:2:10:[m[K [01;31m[Kfatal error: [m[Kros/ros.h: No such file or directory
    2 | #include [01;31m[K<ros/ros.h>[m[K
      |          [01;31m[K^~~~~~~~~~~[m[K
compilation terminated.
make[2]: *** [CMakeFiles/feature_tracker.dir/build.make:76: CMakeFiles/feature_tracker.dir/src/parameters.cpp.o] Error 1
make[2]: *** Waiting for unfinished jobs....
[01m[K/home/ubuntu/cyberbee/ros2_ws/src/VINS-mono/feature_tracker/src/feature_tracker_node.cpp:3:10:[m[K [01;31m[Kfatal error: [m[Krclcpp/rclcpp.hpp: No such file or directory
    3 | #include [01;31m[K"rclcpp/rclcpp.hpp"[m[K
      |          [01;31m[K^~~~~~~~~~~~~~~~~~~[m[K
compilation terminated.
make[2]: *** [CMakeFiles/feature_tracker.dir/build.make:63: CMakeFiles/feature_tracker.dir/src/feature_tracker_node.cpp.o] Error 1
In file included from [01m[K/home/ubuntu/cyberbee/ros2_ws/src/VINS-mono/feature_tracker/src/feature_tracker.cpp:1[m[K:
[01m[K/home/ubuntu/cyberbee/ros2_ws/src/VINS-mono/feature_tracker/src/feature_tracker.h:12:10:[m[K [01;31m[Kfatal error: [m[Kcamodocal/camera_models/CameraFactory.h: No such file or directory
   12 | #include [01;31m[K"camodocal/camera_models/CameraFactory.h"[m[K
      |          [01;31m[K^~~~~~~~~~~~~~~~~~~~~~~~~~~~~~~~~~~~~~~~~[m[K
compilation terminated.
make[2]: *** [CMakeFiles/feature_tracker.dir/build.make:89: CMakeFiles/feature_tracker.dir/src/feature_tracker.cpp.o] Error 1
make[1]: *** [CMakeFiles/Makefile2:304: CMakeFiles/feature_tracker.dir/all] Error 2
make: *** [Makefile:141: all] Error 2
