-- The C compiler identification is GNU 9.4.0
-- The CXX compiler identification is GNU 9.4.0
-- Check for working C compiler: /usr/bin/cc
-- Check for working C compiler: /usr/bin/cc -- works
-- Detecting C compiler ABI info
-- Detecting C compiler ABI info - done
-- Detecting C compile features
-- Detecting C compile features - done
-- Check for working CXX compiler: /usr/bin/c++
-- Check for working CXX compiler: /usr/bin/c++ -- works
-- Detecting CXX compiler ABI info
-- Detecting CXX compiler ABI info - done
-- Detecting CXX compile features
-- Detecting CXX compile features - done
-- Found ament_cmake: 0.9.9 (/opt/ros/foxy/share/ament_cmake/cmake)
-- Found PythonInterp: /usr/bin/python3 (found suitable version "3.8.10", minimum required is "3") 
-- Using PYTHON_EXECUTABLE: /usr/bin/python3
-- Found rclcpp: 2.4.1 (/opt/ros/foxy/share/rclcpp/cmake)
-- Using all available rosidl_typesupport_c: rosidl_typesupport_fastrtps_c;rosidl_typesupport_introspection_c
-- Found rosidl_adapter: 1.2.1 (/opt/ros/foxy/share/rosidl_adapter/cmake)
-- Found OpenSSL: /usr/lib/x86_64-linux-gnu/libcrypto.so (found version "1.1.1f")  
-- Found FastRTPS: /opt/ros/foxy/include  
-- Using all available rosidl_typesupport_cpp: rosidl_typesupport_fastrtps_cpp;rosidl_typesupport_introspection_cpp
-- Found rmw_implementation_cmake: 1.0.3 (/opt/ros/foxy/share/rmw_implementation_cmake/cmake)
-- Using RMW implementation 'rmw_fastrtps_cpp' as default
-- Looking for pthread.h
-- Looking for pthread.h - found
-- Performing Test CMAKE_HAVE_LIBC_PTHREAD
-- Performing Test CMAKE_HAVE_LIBC_PTHREAD - Failed
-- Looking for pthread_create in pthreads
-- Looking for pthread_create in pthreads - not found
-- Looking for pthread_create in pthread
-- Looking for pthread_create in pthread - found
-- Found Threads: TRUE  
-- Found sensor_msgs: 2.0.5 (/opt/ros/foxy/share/sensor_msgs/cmake)
-- Found nav_msgs: 2.0.5 (/opt/ros/foxy/share/nav_msgs/cmake)
-- Found message_filters: 3.2.5 (/opt/ros/foxy/share/message_filters/cmake)
-- Found tf2_ros: 0.13.13 (/opt/ros/foxy/share/tf2_ros/cmake)
-- Found cv_bridge: 2.2.1 (/opt/ros/foxy/share/cv_bridge/cmake)
-- Found OpenCV: /usr (found version "4.2.0") 
-- Configuring done
-- Generating done
-- Build files have been written to: /home/ubuntu/cyberbee/ros2_ws/src/VINS-mono/build/feature_tracker
[35m[1mScanning dependencies of target feature_tracker[0m
[ 75%] [32mBuilding CXX object CMakeFiles/feature_tracker.dir/src/feature_tracker_node.cpp.o[0m
[ 75%] [32mBuilding CXX object CMakeFiles/feature_tracker.dir/src/parameters.cpp.o[0m
[ 75%] [32mBuilding CXX object CMakeFiles/feature_tracker.dir/src/feature_tracker.cpp.o[0m
In file included from [01m[K/home/ubuntu/cyberbee/ros2_ws/src/VINS-mono/feature_tracker/src/parameters.cpp:1[m[K:
[01m[K/home/ubuntu/cyberbee/ros2_ws/src/VINS-mono/feature_tracker/src/parameters.h:2:10:[m[K [01;31m[Kfatal error: [m[Kros/ros.h: No such file or directory
    2 | #include [01;31m[K<ros/ros.h>[m[K
      |          [01;31m[K^~~~~~~~~~~[m[K
compilation terminated.
make[2]: *** [CMakeFiles/feature_tracker.dir/build.make:76: CMakeFiles/feature_tracker.dir/src/parameters.cpp.o] Error 1
make[2]: *** Waiting for unfinished jobs....
[01m[K/home/ubuntu/cyberbee/ros2_ws/src/VINS-mono/feature_tracker/src/feature_tracker_node.cpp:3:10:[m[K [01;31m[Kfatal error: [m[Krclcpp/rclcpp.hpp: No such file or directory
    3 | #include [01;31m[K"rclcpp/rclcpp.hpp"[m[K
      |          [01;31m[K^~~~~~~~~~~~~~~~~~~[m[K
compilation terminated.
make[2]: *** [CMakeFiles/feature_tracker.dir/build.make:63: CMakeFiles/feature_tracker.dir/src/feature_tracker_node.cpp.o] Error 1
In file included from [01m[K/home/ubuntu/cyberbee/ros2_ws/src/VINS-mono/feature_tracker/src/feature_tracker.cpp:1[m[K:
[01m[K/home/ubuntu/cyberbee/ros2_ws/src/VINS-mono/feature_tracker/src/feature_tracker.h:12:10:[m[K [01;31m[Kfatal error: [m[Kcamodocal/camera_models/CameraFactory.h: No such file or directory
   12 | #include [01;31m[K"camodocal/camera_models/CameraFactory.h"[m[K
      |          [01;31m[K^~~~~~~~~~~~~~~~~~~~~~~~~~~~~~~~~~~~~~~~~[m[K
compilation terminated.
make[2]: *** [CMakeFiles/feature_tracker.dir/build.make:89: CMakeFiles/feature_tracker.dir/src/feature_tracker.cpp.o] Error 1
make[1]: *** [CMakeFiles/Makefile2:304: CMakeFiles/feature_tracker.dir/all] Error 2
make: *** [Makefile:141: all] Error 2
