[0.010s] Invoking command in '/home/ubuntu/cyberbee/ros2_ws/src/VINS-mono/build/feature_tracker': CMAKE_PREFIX_PATH=/home/ubuntu/cyberbee/ros2_ws/install/ros1_bridge:/home/ubuntu/cyberbee/ros2_ws/install/cpp_pubsub:/opt/ros/foxy:/home/ubuntu/catkin_ws/devel:/home/ubuntu/cyberbee/cyberbee_ws/devel:/opt/ros/noetic /usr/bin/cmake /home/ubuntu/cyberbee/ros2_ws/src/VINS-mono/feature_tracker -DCMAKE_INSTALL_PREFIX=/home/ubuntu/cyberbee/ros2_ws/src/VINS-mono/install/feature_tracker
[0.046s] -- The C compiler identification is GNU 9.4.0
[0.078s] -- The CXX compiler identification is GNU 9.4.0
[0.081s] -- Check for working C compiler: /usr/bin/cc
[0.124s] -- Check for working C compiler: /usr/bin/cc -- works
[0.125s] -- Detecting C compiler ABI info
[0.167s] -- Detecting C compiler ABI info - done
[0.173s] -- Detecting C compile features
[0.173s] -- Detecting C compile features - done
[0.175s] -- Check for working CXX compiler: /usr/bin/c++
[0.225s] -- Check for working CXX compiler: /usr/bin/c++ -- works
[0.226s] -- Detecting CXX compiler ABI info
[0.274s] -- Detecting CXX compiler ABI info - done
[0.281s] -- Detecting CXX compile features
[0.281s] -- Detecting CXX compile features - done
[0.283s] -- Found ament_cmake: 0.9.9 (/opt/ros/foxy/share/ament_cmake/cmake)
[0.298s] -- Found PythonInterp: /usr/bin/python3 (found suitable version "3.8.10", minimum required is "3") 
[0.299s] -- Using PYTHON_EXECUTABLE: /usr/bin/python3
[0.454s] -- Found rclcpp: 2.4.1 (/opt/ros/foxy/share/rclcpp/cmake)
[0.481s] -- Using all available rosidl_typesupport_c: rosidl_typesupport_fastrtps_c;rosidl_typesupport_introspection_c
[0.484s] -- Found rosidl_adapter: 1.2.1 (/opt/ros/foxy/share/rosidl_adapter/cmake)
[0.544s] -- Found OpenSSL: /usr/lib/x86_64-linux-gnu/libcrypto.so (found version "1.1.1f")  
[0.565s] -- Found FastRTPS: /opt/ros/foxy/include  
[0.616s] -- Using all available rosidl_typesupport_cpp: rosidl_typesupport_fastrtps_cpp;rosidl_typesupport_introspection_cpp
[0.652s] -- Found rmw_implementation_cmake: 1.0.3 (/opt/ros/foxy/share/rmw_implementation_cmake/cmake)
[0.653s] -- Using RMW implementation 'rmw_fastrtps_cpp' as default
[0.653s] -- Looking for pthread.h
[0.698s] -- Looking for pthread.h - found
[0.698s] -- Performing Test CMAKE_HAVE_LIBC_PTHREAD
[0.745s] -- Performing Test CMAKE_HAVE_LIBC_PTHREAD - Failed
[0.745s] -- Looking for pthread_create in pthreads
[0.781s] -- Looking for pthread_create in pthreads - not found
[0.781s] -- Looking for pthread_create in pthread
[0.831s] -- Looking for pthread_create in pthread - found
[0.832s] -- Found Threads: TRUE  
[0.946s] -- Found sensor_msgs: 2.0.5 (/opt/ros/foxy/share/sensor_msgs/cmake)
[1.025s] -- Found nav_msgs: 2.0.5 (/opt/ros/foxy/share/nav_msgs/cmake)
[1.086s] -- Found message_filters: 3.2.5 (/opt/ros/foxy/share/message_filters/cmake)
[1.279s] -- Found tf2_ros: 0.13.13 (/opt/ros/foxy/share/tf2_ros/cmake)
[1.587s] -- Found cv_bridge: 2.2.1 (/opt/ros/foxy/share/cv_bridge/cmake)
[1.613s] -- Found OpenCV: /usr (found version "4.2.0") 
[1.657s] -- Configuring done
[1.663s] -- Generating done
[1.664s] -- Build files have been written to: /home/ubuntu/cyberbee/ros2_ws/src/VINS-mono/build/feature_tracker
[1.670s] Invoked command in '/home/ubuntu/cyberbee/ros2_ws/src/VINS-mono/build/feature_tracker' returned '0': CMAKE_PREFIX_PATH=/home/ubuntu/cyberbee/ros2_ws/install/ros1_bridge:/home/ubuntu/cyberbee/ros2_ws/install/cpp_pubsub:/opt/ros/foxy:/home/ubuntu/catkin_ws/devel:/home/ubuntu/cyberbee/cyberbee_ws/devel:/opt/ros/noetic /usr/bin/cmake /home/ubuntu/cyberbee/ros2_ws/src/VINS-mono/feature_tracker -DCMAKE_INSTALL_PREFIX=/home/ubuntu/cyberbee/ros2_ws/src/VINS-mono/install/feature_tracker
[1.672s] Invoking command in '/home/ubuntu/cyberbee/ros2_ws/src/VINS-mono/build/feature_tracker': CMAKE_PREFIX_PATH=/home/ubuntu/cyberbee/ros2_ws/install/ros1_bridge:/home/ubuntu/cyberbee/ros2_ws/install/cpp_pubsub:/opt/ros/foxy:/home/ubuntu/catkin_ws/devel:/home/ubuntu/cyberbee/cyberbee_ws/devel:/opt/ros/noetic /usr/bin/cmake --build /home/ubuntu/cyberbee/ros2_ws/src/VINS-mono/build/feature_tracker -- -j16 -l16
[1.699s] [35m[1mScanning dependencies of target feature_tracker[0m
[1.718s] [ 75%] [32mBuilding CXX object CMakeFiles/feature_tracker.dir/src/feature_tracker_node.cpp.o[0m
[1.718s] [ 75%] [32mBuilding CXX object CMakeFiles/feature_tracker.dir/src/parameters.cpp.o[0m
[1.718s] [ 75%] [32mBuilding CXX object CMakeFiles/feature_tracker.dir/src/feature_tracker.cpp.o[0m
[1.724s] In file included from [01m[K/home/ubuntu/cyberbee/ros2_ws/src/VINS-mono/feature_tracker/src/parameters.cpp:1[m[K:
[1.724s] [01m[K/home/ubuntu/cyberbee/ros2_ws/src/VINS-mono/feature_tracker/src/parameters.h:2:10:[m[K [01;31m[Kfatal error: [m[Kros/ros.h: No such file or directory
[1.724s]     2 | #include [01;31m[K<ros/ros.h>[m[K
[1.724s]       |          [01;31m[K^~~~~~~~~~~[m[K
[1.724s] compilation terminated.
[1.724s] make[2]: *** [CMakeFiles/feature_tracker.dir/build.make:76: CMakeFiles/feature_tracker.dir/src/parameters.cpp.o] Error 1
[1.724s] make[2]: *** Waiting for unfinished jobs....
[1.740s] [01m[K/home/ubuntu/cyberbee/ros2_ws/src/VINS-mono/feature_tracker/src/feature_tracker_node.cpp:3:10:[m[K [01;31m[Kfatal error: [m[Krclcpp/rclcpp.hpp: No such file or directory
[1.740s]     3 | #include [01;31m[K"rclcpp/rclcpp.hpp"[m[K
[1.740s]       |          [01;31m[K^~~~~~~~~~~~~~~~~~~[m[K
[1.740s] compilation terminated.
[1.741s] make[2]: *** [CMakeFiles/feature_tracker.dir/build.make:63: CMakeFiles/feature_tracker.dir/src/feature_tracker_node.cpp.o] Error 1
[1.836s] In file included from [01m[K/home/ubuntu/cyberbee/ros2_ws/src/VINS-mono/feature_tracker/src/feature_tracker.cpp:1[m[K:
[1.836s] [01m[K/home/ubuntu/cyberbee/ros2_ws/src/VINS-mono/feature_tracker/src/feature_tracker.h:12:10:[m[K [01;31m[Kfatal error: [m[Kcamodocal/camera_models/CameraFactory.h: No such file or directory
[1.836s]    12 | #include [01;31m[K"camodocal/camera_models/CameraFactory.h"[m[K
[1.837s]       |          [01;31m[K^~~~~~~~~~~~~~~~~~~~~~~~~~~~~~~~~~~~~~~~~[m[K
[1.837s] compilation terminated.
[1.838s] make[2]: *** [CMakeFiles/feature_tracker.dir/build.make:89: CMakeFiles/feature_tracker.dir/src/feature_tracker.cpp.o] Error 1
[1.838s] make[1]: *** [CMakeFiles/Makefile2:304: CMakeFiles/feature_tracker.dir/all] Error 2
[1.838s] make: *** [Makefile:141: all] Error 2
[1.840s] Invoked command in '/home/ubuntu/cyberbee/ros2_ws/src/VINS-mono/build/feature_tracker' returned '2': CMAKE_PREFIX_PATH=/home/ubuntu/cyberbee/ros2_ws/install/ros1_bridge:/home/ubuntu/cyberbee/ros2_ws/install/cpp_pubsub:/opt/ros/foxy:/home/ubuntu/catkin_ws/devel:/home/ubuntu/cyberbee/cyberbee_ws/devel:/opt/ros/noetic /usr/bin/cmake --build /home/ubuntu/cyberbee/ros2_ws/src/VINS-mono/build/feature_tracker -- -j16 -l16
