[0.011s] Invoking command in '/home/ubuntu/cyberbee/ros2_ws/src/VINS-mono/build/feature_tracker': CMAKE_PREFIX_PATH=/home/ubuntu/cyberbee/ros2_ws/install/ros1_bridge:/home/ubuntu/cyberbee/ros2_ws/install/cpp_pubsub:/opt/ros/foxy:/home/ubuntu/catkin_ws/devel:/home/ubuntu/cyberbee/cyberbee_ws/devel:/opt/ros/noetic /usr/bin/cmake --build /home/ubuntu/cyberbee/ros2_ws/src/VINS-mono/build/feature_tracker -- -j16 -l16
[0.047s] [ 50%] [32mBuilding CXX object CMakeFiles/feature_tracker.dir/src/parameters.cpp.o[0m
[0.047s] [ 75%] [32mBuilding CXX object CMakeFiles/feature_tracker.dir/src/feature_tracker_node.cpp.o[0m
[0.048s] [ 75%] [32mBuilding CXX object CMakeFiles/feature_tracker.dir/src/feature_tracker.cpp.o[0m
[0.052s] In file included from [01m[K/home/ubuntu/cyberbee/ros2_ws/src/VINS-mono/feature_tracker/src/parameters.cpp:1[m[K:
[0.052s] [01m[K/home/ubuntu/cyberbee/ros2_ws/src/VINS-mono/feature_tracker/src/parameters.h:2:10:[m[K [01;31m[Kfatal error: [m[Kros/ros.h: No such file or directory
[0.052s]     2 | #include [01;31m[K<ros/ros.h>[m[K
[0.052s]       |          [01;31m[K^~~~~~~~~~~[m[K
[0.052s] compilation terminated.
[0.053s] make[2]: *** [CMakeFiles/feature_tracker.dir/build.make:76: CMakeFiles/feature_tracker.dir/src/parameters.cpp.o] Error 1
[0.053s] make[2]: *** Waiting for unfinished jobs....
[0.068s] [01m[K/home/ubuntu/cyberbee/ros2_ws/src/VINS-mono/feature_tracker/src/feature_tracker_node.cpp:3:10:[m[K [01;31m[Kfatal error: [m[Krclcpp/rclcpp.hpp: No such file or directory
[0.068s]     3 | #include [01;31m[K"rclcpp/rclcpp.hpp"[m[K
[0.069s]       |          [01;31m[K^~~~~~~~~~~~~~~~~~~[m[K
[0.069s] compilation terminated.
[0.069s] make[2]: *** [CMakeFiles/feature_tracker.dir/build.make:63: CMakeFiles/feature_tracker.dir/src/feature_tracker_node.cpp.o] Error 1
[0.165s] In file included from [01m[K/home/ubuntu/cyberbee/ros2_ws/src/VINS-mono/feature_tracker/src/feature_tracker.cpp:1[m[K:
[0.165s] [01m[K/home/ubuntu/cyberbee/ros2_ws/src/VINS-mono/feature_tracker/src/feature_tracker.h:12:10:[m[K [01;31m[Kfatal error: [m[Kcamodocal/camera_models/CameraFactory.h: No such file or directory
[0.165s]    12 | #include [01;31m[K"camodocal/camera_models/CameraFactory.h"[m[K
[0.165s]       |          [01;31m[K^~~~~~~~~~~~~~~~~~~~~~~~~~~~~~~~~~~~~~~~~[m[K
[0.165s] compilation terminated.
[0.167s] make[2]: *** [CMakeFiles/feature_tracker.dir/build.make:89: CMakeFiles/feature_tracker.dir/src/feature_tracker.cpp.o] Error 1
[0.167s] make[1]: *** [CMakeFiles/Makefile2:304: CMakeFiles/feature_tracker.dir/all] Error 2
[0.167s] make: *** [Makefile:141: all] Error 2
[0.169s] Invoked command in '/home/ubuntu/cyberbee/ros2_ws/src/VINS-mono/build/feature_tracker' returned '2': CMAKE_PREFIX_PATH=/home/ubuntu/cyberbee/ros2_ws/install/ros1_bridge:/home/ubuntu/cyberbee/ros2_ws/install/cpp_pubsub:/opt/ros/foxy:/home/ubuntu/catkin_ws/devel:/home/ubuntu/cyberbee/cyberbee_ws/devel:/opt/ros/noetic /usr/bin/cmake --build /home/ubuntu/cyberbee/ros2_ws/src/VINS-mono/build/feature_tracker -- -j16 -l16
